[23:08:51] [Paper Plugin Remapper Thread - 0/INFO]: [ReobfServer] Remapping server...
[23:09:04] [ServerMain/INFO]: Environment: Environment[sessionHost=https://sessionserver.mojang.com, servicesHost=https://api.minecraftservices.com, name=PROD]
[23:09:04] [ServerMain/INFO]: Found new data pack file/bukkit, loading it automatically
[23:09:04] [ServerMain/INFO]: Found new data pack paper, loading it automatically
[23:09:06] [ServerMain/INFO]: No existing world data, creating new world
[23:09:06] [Paper Plugin Remapper Thread - 0/INFO]: [ReobfServer] Done remapping server in 15720ms.
[23:09:08] [ServerMain/INFO]: Loaded 1290 recipes
[23:09:08] [ServerMain/INFO]: Loaded 1399 advancements
[23:09:09] [Server thread/INFO]: Starting minecraft server version 1.21
[23:09:09] [Server thread/INFO]: Loading properties
[23:09:09] [Server thread/INFO]: This server is running Paper version 1.21-40-master@b45d9b6 (2024-07-01T08:23:14Z) (Implementing API version 1.21-R0.1-SNAPSHOT)
[23:09:10] [Server thread/INFO]: Server Ping Player Sample Count: 12
[23:09:10] [Server thread/INFO]: Using 4 threads for Netty based IO
[23:09:11] [Server thread/INFO]: [ChunkTaskScheduler] Chunk system is using 1 I/O threads, 1 worker threads, and population gen parallelism of 1 threads
[23:09:11] [Server thread/WARN]: [!] The timings profiler has been enabled but has been scheduled for removal from Paper in the future.
    We recommend installing the spark profiler as a replacement: https://spark.lucko.me/
    For more information please visit: https://github.com/PaperMC/Paper/issues/8948
[23:09:11] [Server thread/INFO]: Default game type: SURVIVAL
[23:09:11] [Server thread/INFO]: Generating keypair
[23:09:11] [Server thread/INFO]: Starting Minecraft server on *:25565
[23:09:11] [Server thread/INFO]: Using epoll channel type
[23:09:11] [Server thread/INFO]: Paper: Using libdeflate (Linux x86_64) compression from Velocity.
[23:09:11] [Server thread/INFO]: Paper: Using OpenSSL 1.1.x (Linux x86_64) cipher from Velocity.
[23:09:11] [Server thread/INFO]: Preparing level "world"
[23:09:28] [Server thread/INFO]: Preparing start region for dimension minecraft:overworld
[23:09:37] [Server thread/INFO]: Time elapsed: 9105 ms
[23:09:37] [Server thread/INFO]: Preparing start region for dimension minecraft:the_nether
[23:09:40] [Server thread/INFO]: Time elapsed: 2917 ms
[23:09:40] [Server thread/INFO]: Preparing start region for dimension minecraft:the_end
[23:09:41] [Server thread/INFO]: Time elapsed: 902 ms
[23:09:41] [Server thread/INFO]: Running delayed init tasks
[23:09:41] [Server thread/INFO]: Done (31.908s)! For help, type "help"
[23:09:41] [Server thread/INFO]: *************************************************************************************
[23:09:41] [Server thread/INFO]: This is the first time you're starting this server.
[23:09:41] [Server thread/INFO]: It's recommended you read our 'Getting Started' documentation for guidance.
[23:09:41] [Server thread/INFO]: View this and more helpful information here: https://docs.papermc.io/paper/next-steps
[23:09:41] [Server thread/INFO]: *************************************************************************************
[23:09:41] [Server thread/INFO]: Timings Reset
[23:13:49] [Server thread/INFO]: Stopping the server
[23:13:49] [Server thread/INFO]: Stopping server
[23:13:49] [Server thread/INFO]: Saving players
[23:13:50] [Server thread/INFO]: Saving worlds
[23:13:50] [Server thread/INFO]: Saving chunks for level 'ServerLevel[world]'/minecraft:overworld
[23:13:50] [Server thread/INFO]: [ChunkHolderManager] Waiting 60s for chunk system to halt for world 'world'
[23:13:50] [Server thread/INFO]: [ChunkHolderManager] Halted chunk system for world 'world'
[23:13:50] [Server thread/INFO]: [ChunkHolderManager] Saving all chunkholders for world 'world'
[23:13:51] [Server thread/INFO]: [ChunkHolderManager] Saved 841 block chunks, 49 entity chunks, 1 poi chunks in world 'world' in 1.84s
[23:13:52] [Server thread/INFO]: Saving chunks for level 'ServerLevel[world_nether]'/minecraft:the_nether
[23:13:52] [Server thread/INFO]: [ChunkHolderManager] Waiting 60s for chunk system to halt for world 'world_nether'
[23:13:52] [Server thread/INFO]: [ChunkHolderManager] Halted chunk system for world 'world_nether'
[23:13:52] [Server thread/INFO]: [ChunkHolderManager] Saving all chunkholders for world 'world_nether'
[23:13:52] [Server thread/INFO]: [ChunkHolderManager] Saved 841 block chunks, 49 entity chunks, 0 poi chunks in world 'world_nether' in 0.81s
[23:13:53] [Server thread/INFO]: Saving chunks for level 'ServerLevel[world_the_end]'/minecraft:the_end
[23:13:53] [Server thread/INFO]: [ChunkHolderManager] Waiting 60s for chunk system to halt for world 'world_the_end'
[23:13:53] [Server thread/INFO]: [ChunkHolderManager] Halted chunk system for world 'world_the_end'
[23:13:53] [Server thread/INFO]: [ChunkHolderManager] Saving all chunkholders for world 'world_the_end'
[23:13:53] [Server thread/INFO]: [ChunkHolderManager] Saved 841 block chunks, 49 entity chunks, 0 poi chunks in world 'world_the_end' in 0.62s
[23:13:53] [Server thread/INFO]: ThreadedAnvilChunkStorage (world): All chunks are saved
[23:13:53] [Server thread/INFO]: ThreadedAnvilChunkStorage (DIM-1): All chunks are saved
[23:13:53] [Server thread/INFO]: ThreadedAnvilChunkStorage (DIM1): All chunks are saved
[23:13:53] [Server thread/INFO]: ThreadedAnvilChunkStorage: All dimensions are saved
